# JRE version: OpenJDK Runtime Environment Temurin-17.0.5+8 (17.0.5+8) (build 17.0.5+8)
# Java VM: OpenJDK 64-Bit Server VM Temurin-17.0.5+8 (17.0.5+8, mixed mode, tiered, compressed oops, compressed class ptrs, parallel gc, windows-amd64)
GC Precious Log:
 CPUs: 4 total, 4 available
 Memory: 8071M
 Large Page Support: Disabled
 NUMA Support: Disabled
 Compressed Oops: Enabled (32-bit)
 Alignments: Space 512K, Generation 512K, Heap 2M
 Heap Min Capacity: 100M
 Heap Initial Capacity: 100M
 Heap Max Capacity: 1G
 Pre-touch: Disabled
 Parallel Workers: 4
Heap:
 PSYoungGen      total 20992K, used 4505K [0x00000000eab00000, 0x00000000ec180000, 0x0000000100000000)
  eden space 20480K, 21% used [0x00000000eab00000,0x00000000eaf3e7c0,0x00000000ebf00000)
  from space 512K, 31% used [0x00000000ec080000,0x00000000ec0a8000,0x00000000ec100000)
  to   space 512K, 0% used [0x00000000ec100000,0x00000000ec100000,0x00000000ec180000)
 ParOldGen       total 68608K, used 54365K [0x00000000c0000000, 0x00000000c4300000, 0x00000000eab00000)
  object space 68608K, 79% used [0x00000000c0000000,0x00000000c3517590,0x00000000c4300000)
 Metaspace       used 46711K, committed 47424K, reserved 1097728K
  class space    used 4717K, committed 4992K, reserved 1048576K
GC Heap History (20 events):
Event: 57.659 GC heap before
{Heap before GC invocations=404 (full 2):
 PSYoungGen      total 20992K, used 19902K [0x00000000eab00000, 0x00000000ec180000, 0x0000000100000000)
  eden space 20480K, 96% used [0x00000000eab00000,0x00000000ebe4f900,0x00000000ebf00000)
  from space 512K, 25% used [0x00000000ec080000,0x00000000ec0a0000,0x00000000ec100000)
  to   space 512K, 0% used [0x00000000ec100000,0x00000000ec100000,0x00000000ec180000)
 ParOldGen       total 68608K, used 53837K [0x00000000c0000000, 0x00000000c4300000, 0x00000000eab00000)
  object space 68608K, 78% used [0x00000000c0000000,0x00000000c3493590,0x00000000c4300000)
 Metaspace       used 46693K, committed 47360K, reserved 1097728K
  class space    used 4717K, committed 4992K, reserved 1048576K
}
Event: 57.660 GC heap after
{Heap after GC invocations=404 (full 2):
 PSYoungGen      total 20992K, used 128K [0x00000000eab00000, 0x00000000ec180000, 0x0000000100000000)
  eden space 20480K, 0% used [0x00000000eab00000,0x00000000eab00000,0x00000000ebf00000)
  from space 512K, 25% used [0x00000000ec100000,0x00000000ec120000,0x00000000ec180000)
  to   space 512K, 0% used [0x00000000ec080000,0x00000000ec080000,0x00000000ec100000)
 ParOldGen       total 68608K, used 53893K [0x00000000c0000000, 0x00000000c4300000, 0x00000000eab00000)
  object space 68608K, 78% used [0x00000000c0000000,0x00000000c34a1590,0x00000000c4300000)
 Metaspace       used 46693K, committed 47360K, reserved 1097728K
  class space    used 4717K, committed 4992K, reserved 1048576K
}
Event: 57.747 GC heap before
{Heap before GC invocations=405 (full 2):
 PSYoungGen      total 20992K, used 19551K [0x00000000eab00000, 0x00000000ec180000, 0x0000000100000000)
  eden space 20480K, 94% used [0x00000000eab00000,0x00000000ebdf7df0,0x00000000ebf00000)
  from space 512K, 25% used [0x00000000ec100000,0x00000000ec120000,0x00000000ec180000)
  to   space 512K, 0% used [0x00000000ec080000,0x00000000ec080000,0x00000000ec100000)
 ParOldGen       total 68608K, used 53893K [0x00000000c0000000, 0x00000000c4300000, 0x00000000eab00000)
  object space 68608K, 78% used [0x00000000c0000000,0x00000000c34a1590,0x00000000c4300000)
 Metaspace       used 46693K, committed 47360K, reserved 1097728K
  class space    used 4717K, committed 4992K, reserved 1048576K
}
Event: 57.748 GC heap after
{Heap after GC invocations=405 (full 2):
 PSYoungGen      total 20992K, used 128K [0x00000000eab00000, 0x00000000ec180000, 0x0000000100000000)
  eden space 20480K, 0% used [0x00000000eab00000,0x00000000eab00000,0x00000000ebf00000)
  from space 512K, 25% used [0x00000000ec080000,0x00000000ec0a0000,0x00000000ec100000)
  to   space 512K, 0% used [0x00000000ec100000,0x00000000ec100000,0x00000000ec180000)
 ParOldGen       total 68608K, used 53933K [0x00000000c0000000, 0x00000000c4300000, 0x00000000eab00000)
  object space 68608K, 78% used [0x00000000c0000000,0x00000000c34ab590,0x00000000c4300000)
 Metaspace       used 46693K, committed 47360K, reserved 1097728K
  class space    used 4717K, committed 4992K, reserved 1048576K
}
Event: 57.808 GC heap before
{Heap before GC invocations=406 (full 2):
 PSYoungGen      total 20992K, used 19638K [0x00000000eab00000, 0x00000000ec180000, 0x0000000100000000)
  eden space 20480K, 95% used [0x00000000eab00000,0x00000000ebe0da80,0x00000000ebf00000)
  from space 512K, 25% used [0x00000000ec080000,0x00000000ec0a0000,0x00000000ec100000)
  to   space 512K, 0% used [0x00000000ec100000,0x00000000ec100000,0x00000000ec180000)
 ParOldGen       total 68608K, used 53933K [0x00000000c0000000, 0x00000000c4300000, 0x00000000eab00000)
  object space 68608K, 78% used [0x00000000c0000000,0x00000000c34ab590,0x00000000c4300000)
 Metaspace       used 46693K, committed 47360K, reserved 1097728K
  class space    used 4717K, committed 4992K, reserved 1048576K
}
Event: 57.809 GC heap after
{Heap after GC invocations=406 (full 2):
 PSYoungGen      total 20992K, used 128K [0x00000000eab00000, 0x00000000ec180000, 0x0000000100000000)
  eden space 20480K, 0% used [0x00000000eab00000,0x00000000eab00000,0x00000000ebf00000)
  from space 512K, 25% used [0x00000000ec100000,0x00000000ec120000,0x00000000ec180000)
  to   space 512K, 0% used [0x00000000ec080000,0x00000000ec080000,0x00000000ec100000)
 ParOldGen       total 68608K, used 53981K [0x00000000c0000000, 0x00000000c4300000, 0x00000000eab00000)
  object space 68608K, 78% used [0x00000000c0000000,0x00000000c34b7590,0x00000000c4300000)
 Metaspace       used 46693K, committed 47360K, reserved 1097728K
  class space    used 4717K, committed 4992K, reserved 1048576K
}
Event: 57.868 GC heap before
{Heap before GC invocations=407 (full 2):
 PSYoungGen      total 20992K, used 19640K [0x00000000eab00000, 0x00000000ec180000, 0x0000000100000000)
  eden space 20480K, 95% used [0x00000000eab00000,0x00000000ebe0e380,0x00000000ebf00000)
  from space 512K, 25% used [0x00000000ec100000,0x00000000ec120000,0x00000000ec180000)
  to   space 512K, 0% used [0x00000000ec080000,0x00000000ec080000,0x00000000ec100000)
 ParOldGen       total 68608K, used 53981K [0x00000000c0000000, 0x00000000c4300000, 0x00000000eab00000)
  object space 68608K, 78% used [0x00000000c0000000,0x00000000c34b7590,0x00000000c4300000)
 Metaspace       used 46693K, committed 47360K, reserved 1097728K
  class space    used 4717K, committed 4992K, reserved 1048576K
}
Event: 57.869 GC heap after
{Heap after GC invocations=407 (full 2):
 PSYoungGen      total 20992K, used 128K [0x00000000eab00000, 0x00000000ec180000, 0x0000000100000000)
  eden space 20480K, 0% used [0x00000000eab00000,0x00000000eab00000,0x00000000ebf00000)
  from space 512K, 25% used [0x00000000ec080000,0x00000000ec0a0000,0x00000000ec100000)
  to   space 512K, 0% used [0x00000000ec100000,0x00000000ec100000,0x00000000ec180000)
 ParOldGen       total 68608K, used 54037K [0x00000000c0000000, 0x00000000c4300000, 0x00000000eab00000)
  object space 68608K, 78% used [0x00000000c0000000,0x00000000c34c5590,0x00000000c4300000)
 Metaspace       used 46693K, committed 47360K, reserved 1097728K
  class space    used 4717K, committed 4992K, reserved 1048576K
}
Event: 57.930 GC heap before
{Heap before GC invocations=408 (full 2):
 PSYoungGen      total 20992K, used 19548K [0x00000000eab00000, 0x00000000ec180000, 0x0000000100000000)
  eden space 20480K, 94% used [0x00000000eab00000,0x00000000ebdf7098,0x00000000ebf00000)
  from space 512K, 25% used [0x00000000ec080000,0x00000000ec0a0000,0x00000000ec100000)
  to   space 512K, 0% used [0x00000000ec100000,0x00000000ec100000,0x00000000ec180000)
 ParOldGen       total 68608K, used 54037K [0x00000000c0000000, 0x00000000c4300000, 0x00000000eab00000)
  object space 68608K, 78% used [0x00000000c0000000,0x00000000c34c5590,0x00000000c4300000)
 Metaspace       used 46693K, committed 47360K, reserved 1097728K
  class space    used 4717K, committed 4992K, reserved 1048576K
}
Event: 57.930 GC heap after
{Heap after GC invocations=408 (full 2):
 PSYoungGen      total 20992K, used 128K [0x00000000eab00000, 0x00000000ec180000, 0x0000000100000000)
  eden space 20480K, 0% used [0x00000000eab00000,0x00000000eab00000,0x00000000ebf00000)
  from space 512K, 25% used [0x00000000ec100000,0x00000000ec120000,0x00000000ec180000)
  to   space 512K, 0% used [0x00000000ec080000,0x00000000ec080000,0x00000000ec100000)
 ParOldGen       total 68608K, used 54101K [0x00000000c0000000, 0x00000000c4300000, 0x00000000eab00000)
  object space 68608K, 78% used [0x00000000c0000000,0x00000000c34d5590,0x00000000c4300000)
 Metaspace       used 46693K, committed 47360K, reserved 1097728K
  class space    used 4717K, committed 4992K, reserved 1048576K
}
Event: 57.993 GC heap before
{Heap before GC invocations=409 (full 2):
 PSYoungGen      total 20992K, used 19901K [0x00000000eab00000, 0x00000000ec180000, 0x0000000100000000)
  eden space 20480K, 96% used [0x00000000eab00000,0x00000000ebe4f6d0,0x00000000ebf00000)
  from space 512K, 25% used [0x00000000ec100000,0x00000000ec120000,0x00000000ec180000)
  to   space 512K, 0% used [0x00000000ec080000,0x00000000ec080000,0x00000000ec100000)
 ParOldGen       total 68608K, used 54101K [0x00000000c0000000, 0x00000000c4300000, 0x00000000eab00000)
  object space 68608K, 78% used [0x00000000c0000000,0x00000000c34d5590,0x00000000c4300000)
 Metaspace       used 46693K, committed 47360K, reserved 1097728K
  class space    used 4717K, committed 4992K, reserved 1048576K
}
Event: 57.993 GC heap after
{Heap after GC invocations=409 (full 2):
 PSYoungGen      total 20992K, used 96K [0x00000000eab00000, 0x00000000ec180000, 0x0000000100000000)
  eden space 20480K, 0% used [0x00000000eab00000,0x00000000eab00000,0x00000000ebf00000)
  from space 512K, 18% used [0x00000000ec080000,0x00000000ec098000,0x00000000ec100000)
  to   space 512K, 0% used [0x00000000ec100000,0x00000000ec100000,0x00000000ec180000)
 ParOldGen       total 68608K, used 54141K [0x00000000c0000000, 0x00000000c4300000, 0x00000000eab00000)
  object space 68608K, 78% used [0x00000000c0000000,0x00000000c34df590,0x00000000c4300000)
 Metaspace       used 46693K, committed 47360K, reserved 1097728K
  class space    used 4717K, committed 4992K, reserved 1048576K
}
Event: 58.080 GC heap before
{Heap before GC invocations=410 (full 2):
 PSYoungGen      total 20992K, used 19893K [0x00000000eab00000, 0x00000000ec180000, 0x0000000100000000)
  eden space 20480K, 96% used [0x00000000eab00000,0x00000000ebe55688,0x00000000ebf00000)
  from space 512K, 18% used [0x00000000ec080000,0x00000000ec098000,0x00000000ec100000)
  to   space 512K, 0% used [0x00000000ec100000,0x00000000ec100000,0x00000000ec180000)
 ParOldGen       total 68608K, used 54141K [0x00000000c0000000, 0x00000000c4300000, 0x00000000eab00000)
  object space 68608K, 78% used [0x00000000c0000000,0x00000000c34df590,0x00000000c4300000)
 Metaspace       used 46693K, committed 47360K, reserved 1097728K
  class space    used 4717K, committed 4992K, reserved 1048576K
}
Event: 58.080 GC heap after
{Heap after GC invocations=410 (full 2):
 PSYoungGen      total 20992K, used 128K [0x00000000eab00000, 0x00000000ec180000, 0x0000000100000000)
  eden space 20480K, 0% used [0x00000000eab00000,0x00000000eab00000,0x00000000ebf00000)
  from space 512K, 25% used [0x00000000ec100000,0x00000000ec120000,0x00000000ec180000)
  to   space 512K, 0% used [0x00000000ec080000,0x00000000ec080000,0x00000000ec100000)
 ParOldGen       total 68608K, used 54181K [0x00000000c0000000, 0x00000000c4300000, 0x00000000eab00000)
  object space 68608K, 78% used [0x00000000c0000000,0x00000000c34e9590,0x00000000c4300000)
 Metaspace       used 46693K, committed 47360K, reserved 1097728K
  class space    used 4717K, committed 4992K, reserved 1048576K
}
Event: 58.201 GC heap before
{Heap before GC invocations=411 (full 2):
 PSYoungGen      total 20992K, used 19711K [0x00000000eab00000, 0x00000000ec180000, 0x0000000100000000)
  eden space 20480K, 95% used [0x00000000eab00000,0x00000000ebe1fe68,0x00000000ebf00000)
  from space 512K, 25% used [0x00000000ec100000,0x00000000ec120000,0x00000000ec180000)
  to   space 512K, 0% used [0x00000000ec080000,0x00000000ec080000,0x00000000ec100000)
 ParOldGen       total 68608K, used 54181K [0x00000000c0000000, 0x00000000c4300000, 0x00000000eab00000)
  object space 68608K, 78% used [0x00000000c0000000,0x00000000c34e9590,0x00000000c4300000)
 Metaspace       used 46693K, committed 47360K, reserved 1097728K
  class space    used 4717K, committed 4992K, reserved 1048576K
}
Event: 58.201 GC heap after
{Heap after GC invocations=411 (full 2):
 PSYoungGen      total 20992K, used 128K [0x00000000eab00000, 0x00000000ec180000, 0x0000000100000000)
  eden space 20480K, 0% used [0x00000000eab00000,0x00000000eab00000,0x00000000ebf00000)
  from space 512K, 25% used [0x00000000ec080000,0x00000000ec0a0000,0x00000000ec100000)
  to   space 512K, 0% used [0x00000000ec100000,0x00000000ec100000,0x00000000ec180000)
 ParOldGen       total 68608K, used 54237K [0x00000000c0000000, 0x00000000c4300000, 0x00000000eab00000)
  object space 68608K, 79% used [0x00000000c0000000,0x00000000c34f7590,0x00000000c4300000)
 Metaspace       used 46693K, committed 47360K, reserved 1097728K
  class space    used 4717K, committed 4992K, reserved 1048576K
}
Event: 58.327 GC heap before
{Heap before GC invocations=412 (full 2):
 PSYoungGen      total 20992K, used 19658K [0x00000000eab00000, 0x00000000ec180000, 0x0000000100000000)
  eden space 20480K, 95% used [0x00000000eab00000,0x00000000ebe12820,0x00000000ebf00000)
  from space 512K, 25% used [0x00000000ec080000,0x00000000ec0a0000,0x00000000ec100000)
  to   space 512K, 0% used [0x00000000ec100000,0x00000000ec100000,0x00000000ec180000)
 ParOldGen       total 68608K, used 54237K [0x00000000c0000000, 0x00000000c4300000, 0x00000000eab00000)
  object space 68608K, 79% used [0x00000000c0000000,0x00000000c34f7590,0x00000000c4300000)
 Metaspace       used 46693K, committed 47360K, reserved 1097728K
  class space    used 4717K, committed 4992K, reserved 1048576K
}
Event: 58.328 GC heap after
{Heap after GC invocations=412 (full 2):
 PSYoungGen      total 20992K, used 128K [0x00000000eab00000, 0x00000000ec180000, 0x0000000100000000)
  eden space 20480K, 0% used [0x00000000eab00000,0x00000000eab00000,0x00000000ebf00000)
  from space 512K, 25% used [0x00000000ec100000,0x00000000ec120000,0x00000000ec180000)
  to   space 512K, 0% used [0x00000000ec080000,0x00000000ec080000,0x00000000ec100000)
 ParOldGen       total 68608K, used 54301K [0x00000000c0000000, 0x00000000c4300000, 0x00000000eab00000)
  object space 68608K, 79% used [0x00000000c0000000,0x00000000c3507590,0x00000000c4300000)
 Metaspace       used 46693K, committed 47360K, reserved 1097728K
  class space    used 4717K, committed 4992K, reserved 1048576K
}
Event: 58.414 GC heap before
{Heap before GC invocations=413 (full 2):
 PSYoungGen      total 20992K, used 20131K [0x00000000eab00000, 0x00000000ec180000, 0x0000000100000000)
  eden space 20480K, 97% used [0x00000000eab00000,0x00000000ebe88d40,0x00000000ebf00000)
  from space 512K, 25% used [0x00000000ec100000,0x00000000ec120000,0x00000000ec180000)
  to   space 512K, 0% used [0x00000000ec080000,0x00000000ec080000,0x00000000ec100000)
 ParOldGen       total 68608K, used 54301K [0x00000000c0000000, 0x00000000c4300000, 0x00000000eab00000)
  object space 68608K, 79% used [0x00000000c0000000,0x00000000c3507590,0x00000000c4300000)
 Metaspace       used 46693K, committed 47360K, reserved 1097728K
  class space    used 4717K, committed 4992K, reserved 1048576K
}
Event: 58.415 GC heap after
{Heap after GC invocations=413 (full 2):
 PSYoungGen      total 20992K, used 160K [0x00000000eab00000, 0x00000000ec180000, 0x0000000100000000)
  eden space 20480K, 0% used [0x00000000eab00000,0x00000000eab00000,0x00000000ebf00000)
  from space 512K, 31% used [0x00000000ec080000,0x00000000ec0a8000,0x00000000ec100000)
  to   space 512K, 0% used [0x00000000ec100000,0x00000000ec100000,0x00000000ec180000)
 ParOldGen       total 68608K, used 54365K [0x00000000c0000000, 0x00000000c4300000, 0x00000000eab00000)
  object space 68608K, 79% used [0x00000000c0000000,0x00000000c3517590,0x00000000c4300000)
 Metaspace       used 46693K, committed 47360K, reserved 1097728K
  class space    used 4717K, committed 4992K, reserved 1048576K
}

